2022-04-23 15:34:33,336 INFO o.a.j.u.JMeterUtils: Setting Locale to en_EN
2022-04-23 15:34:33,352 INFO o.a.j.JMeter: Loading user properties from: E:\studia\magisterka\jmeter\apache-jmeter-5.4.3\apache-jmeter-5.4.3\bin\user.properties
2022-04-23 15:34:33,352 INFO o.a.j.JMeter: Loading system properties from: E:\studia\magisterka\jmeter\apache-jmeter-5.4.3\apache-jmeter-5.4.3\bin\system.properties
2022-04-23 15:34:33,352 INFO o.a.j.JMeter: Copyright (c) 1998-2021 The Apache Software Foundation
2022-04-23 15:34:33,352 INFO o.a.j.JMeter: Version 5.4.3
2022-04-23 15:34:33,352 INFO o.a.j.JMeter: java.version=1.8.0_202
2022-04-23 15:34:33,352 INFO o.a.j.JMeter: java.vm.name=Java HotSpot(TM) 64-Bit Server VM
2022-04-23 15:34:33,352 INFO o.a.j.JMeter: os.name=Windows 10
2022-04-23 15:34:33,367 INFO o.a.j.JMeter: os.arch=amd64
2022-04-23 15:34:33,367 INFO o.a.j.JMeter: os.version=10.0
2022-04-23 15:34:33,367 INFO o.a.j.JMeter: file.encoding=Cp1250
2022-04-23 15:34:33,367 INFO o.a.j.JMeter: java.awt.headless=true
2022-04-23 15:34:33,367 INFO o.a.j.JMeter: Max memory     =1073741824
2022-04-23 15:34:33,367 INFO o.a.j.JMeter: Available Processors =8
2022-04-23 15:34:33,367 INFO o.a.j.JMeter: Default Locale=English (EN)
2022-04-23 15:34:33,367 INFO o.a.j.JMeter: JMeter  Locale=English (EN)
2022-04-23 15:34:33,367 INFO o.a.j.JMeter: JMeterHome=E:\studia\magisterka\jmeter\apache-jmeter-5.4.3\apache-jmeter-5.4.3
2022-04-23 15:34:33,367 INFO o.a.j.JMeter: user.dir  =C:\Users\Arek\source\repos\WebApiOptimization
2022-04-23 15:34:33,367 INFO o.a.j.JMeter: PWD       =C:\Users\Arek\source\repos\WebApiOptimization
2022-04-23 15:34:33,367 INFO o.a.j.JMeter: IP: 192.168.1.35 Name: DESKTOP-4P5I0TV FullName: DESKTOP-4P5I0TV.home
2022-04-23 15:34:33,367 ERROR o.a.j.JMeter: An error occurred: 
java.lang.IllegalArgumentException: Cannot write to 'C:\Users\Arek\source\repos\WebApiOptimization\COMPRESSION\br_fastest' as folder does not exist and parent folder is not writable
	at org.apache.jorphan.util.JOrphanUtils.canSafelyWriteToFolder(JOrphanUtils.java:671) ~[jorphan.jar:5.4.3]
	at org.apache.jorphan.util.JOrphanUtils.canSafelyWriteToFolder(JOrphanUtils.java:619) ~[jorphan.jar:5.4.3]
	at org.apache.jmeter.JMeter.extractAndSetReportOutputFolder(JMeter.java:609) ~[ApacheJMeter_core.jar:5.4.3]
	at org.apache.jmeter.JMeter.start(JMeter.java:563) [ApacheJMeter_core.jar:5.4.3]
	at sun.reflect.NativeMethodAccessorImpl.invoke0(Native Method) ~[?:1.8.0_202]
	at sun.reflect.NativeMethodAccessorImpl.invoke(Unknown Source) ~[?:1.8.0_202]
	at sun.reflect.DelegatingMethodAccessorImpl.invoke(Unknown Source) ~[?:1.8.0_202]
	at java.lang.reflect.Method.invoke(Unknown Source) ~[?:1.8.0_202]
	at org.apache.jmeter.NewDriver.main(NewDriver.java:254) [ApacheJMeter.jar:5.4.3]
